<?xml version="1.0" encoding="UTF-8"?>
<testng-results ignored="0" total="2" passed="1" failed="1" skipped="0">
  <reporter-output>
  </reporter-output>
  <suite started-at="2021-12-30T14:10:15 IST" name="Default suite" finished-at="2021-12-30T14:10:34 IST" duration-ms="18723">
    <groups>
    </groups>
    <test started-at="2021-12-30T14:10:15 IST" name="Default test" finished-at="2021-12-30T14:10:34 IST" duration-ms="18723">
      <class name="testNGPrograms.NopCommerce">
        <test-method is-config="true" signature="launchUrl()[pri:0, instance:testNGPrograms.NopCommerce@29d89d5d]" started-at="2021-12-30T14:10:15 IST" name="launchUrl" finished-at="2021-12-30T14:10:18 IST" duration-ms="2799" status="PASS">
          <reporter-output>
          </reporter-output>
        </test-method> <!-- launchUrl -->
        <test-method signature="login()[pri:1, instance:testNGPrograms.NopCommerce@29d89d5d]" started-at="2021-12-30T14:10:18 IST" name="login" finished-at="2021-12-30T14:10:28 IST" duration-ms="9939" status="FAIL">
          <exception class="java.lang.AssertionError">
            <message>
              <![CDATA[the title is same expected [Dashboard / nopCommerce administration.] but found [Dashboard / nopCommerce administration]]]>
            </message>
            <full-stacktrace>
              <![CDATA[java.lang.AssertionError: the title is same expected [Dashboard / nopCommerce administration.] but found [Dashboard / nopCommerce administration]
at org.testng.Assert.fail(Assert.java:99)
at org.testng.Assert.failNotEquals(Assert.java:1037)
at org.testng.Assert.assertEqualsImpl(Assert.java:140)
at org.testng.Assert.assertEquals(Assert.java:122)
at org.testng.Assert.assertEquals(Assert.java:629)
at testNGPrograms.NopCommerce.login(NopCommerce.java:29)
at java.base/jdk.internal.reflect.NativeMethodAccessorImpl.invoke0(Native Method)
at java.base/jdk.internal.reflect.NativeMethodAccessorImpl.invoke(NativeMethodAccessorImpl.java:77)
at java.base/jdk.internal.reflect.DelegatingMethodAccessorImpl.invoke(DelegatingMethodAccessorImpl.java:43)
at java.base/java.lang.reflect.Method.invoke(Method.java:568)
at org.testng.internal.MethodInvocationHelper.invokeMethod(MethodInvocationHelper.java:133)
at org.testng.internal.TestInvoker.invokeMethod(TestInvoker.java:598)
at org.testng.internal.TestInvoker.invokeTestMethod(TestInvoker.java:173)
at org.testng.internal.MethodRunner.runInSequence(MethodRunner.java:46)
at org.testng.internal.TestInvoker$MethodInvocationAgent.invoke(TestInvoker.java:824)
at org.testng.internal.TestInvoker.invokeTestMethods(TestInvoker.java:146)
at org.testng.internal.TestMethodWorker.invokeTestMethods(TestMethodWorker.java:146)
at org.testng.internal.TestMethodWorker.run(TestMethodWorker.java:128)
at java.base/java.util.ArrayList.forEach(ArrayList.java:1511)
at org.testng.TestRunner.privateRun(TestRunner.java:794)
at org.testng.TestRunner.run(TestRunner.java:596)
at org.testng.SuiteRunner.runTest(SuiteRunner.java:377)
at org.testng.SuiteRunner.runSequentially(SuiteRunner.java:371)
at org.testng.SuiteRunner.privateRun(SuiteRunner.java:332)
at org.testng.SuiteRunner.run(SuiteRunner.java:276)
at org.testng.SuiteRunnerWorker.runSuite(SuiteRunnerWorker.java:53)
at org.testng.SuiteRunnerWorker.run(SuiteRunnerWorker.java:96)
at org.testng.TestNG.runSuitesSequentially(TestNG.java:1212)
at org.testng.TestNG.runSuitesLocally(TestNG.java:1134)
at org.testng.TestNG.runSuites(TestNG.java:1063)
at org.testng.TestNG.run(TestNG.java:1031)
at org.testng.remote.AbstractRemoteTestNG.run(AbstractRemoteTestNG.java:115)
at org.testng.remote.RemoteTestNG.initAndRun(RemoteTestNG.java:251)
at org.testng.remote.RemoteTestNG.main(RemoteTestNG.java:77)
]]>
            </full-stacktrace>
          </exception> <!-- java.lang.AssertionError -->
          <reporter-output>
          </reporter-output>
        </test-method> <!-- login -->
        <test-method signature="addUser()[pri:2, instance:testNGPrograms.NopCommerce@29d89d5d]" started-at="2021-12-30T14:10:28 IST" name="addUser" finished-at="2021-12-30T14:10:34 IST" duration-ms="5579" status="PASS">
          <reporter-output>
          </reporter-output>
        </test-method> <!-- addUser -->
        <test-method is-config="true" signature="quit()[pri:0, instance:testNGPrograms.NopCommerce@29d89d5d]" started-at="2021-12-30T14:10:34 IST" name="quit" finished-at="2021-12-30T14:10:34 IST" duration-ms="334" status="PASS">
          <reporter-output>
          </reporter-output>
        </test-method> <!-- quit -->
      </class> <!-- testNGPrograms.NopCommerce -->
    </test> <!-- Default test -->
  </suite> <!-- Default suite -->
</testng-results>
